2025-06-27 09:30:56 [31merror[39m: [31mImport failed: Invalid configuration:[39m
[31m  - sources.12.url: Invalid url[39m
2025-06-27 09:34:51 [31merror[39m: [31mValidation failed:[39m
2025-06-27 09:36:07 [32minfo[39m: [32mStarting import process...[39m
2025-06-27 09:36:07 [32minfo[39m: [32mProcessing source: EasyList[39m
2025-06-27 09:36:07 [32minfo[39m: [32mDownloading from: https://easylist.to/easylist/easylist.txt[39m
2025-06-27 09:36:07 [32minfo[39m: [32m✓ Successfully processed: EasyList (51269 rules)[39m
2025-06-27 09:36:07 [32minfo[39m: [32mProcessing source: EasyPrivacy[39m
2025-06-27 09:36:07 [32minfo[39m: [32mDownloading from: https://easylist.to/easylist/easyprivacy.txt[39m
2025-06-27 09:36:07 [32minfo[39m: [32m✓ Successfully processed: EasyPrivacy (53872 rules)[39m
2025-06-27 09:36:07 [32minfo[39m: [32mProcessing source: AdGuard Base[39m
2025-06-27 09:36:07 [32minfo[39m: [32mDownloading from: https://filters.adtidy.org/extension/ublock/filters/2.txt[39m
2025-06-27 09:36:07 [32minfo[39m: [32m✓ Successfully processed: AdGuard Base (97400 rules)[39m
2025-06-27 09:36:07 [32minfo[39m: [32mProcessing source: AdGuard Mobile[39m
2025-06-27 09:36:07 [32minfo[39m: [32mDownloading from: https://raw.githubusercontent.com/AdguardTeam/AdguardFilters/master/MobileFilter/sections/adservers.txt[39m
2025-06-27 09:36:07 [32minfo[39m: [32m✓ Successfully processed: AdGuard Mobile (912 rules)[39m
2025-06-27 09:36:07 [32minfo[39m: [32mProcessing source: AWAvenue Ads[39m
2025-06-27 09:36:07 [32minfo[39m: [32mDownloading from: https://raw.githubusercontent.com/TG-Twilight/AWAvenue-Ads-Rule/main/AWAvenue-Ads-Rule.txt[39m
2025-06-27 09:36:07 [32minfo[39m: [32m✓ Successfully processed: AWAvenue Ads (848 rules)[39m
2025-06-27 09:36:07 [32minfo[39m: [32mProcessing source: Fanboy Annoyance[39m
2025-06-27 09:36:07 [32minfo[39m: [32mDownloading from: https://secure.fanboy.co.nz/fanboy-annoyance.txt[39m
2025-06-27 09:36:08 [32minfo[39m: [32m✓ Successfully processed: Fanboy Annoyance (23880 rules)[39m
2025-06-27 09:36:08 [32minfo[39m: [32mProcessing source: GetAdmiral Domains[39m
2025-06-27 09:36:08 [32minfo[39m: [32mDownloading from: https://raw.githubusercontent.com/LanikSJ/ubo-filters/main/filters/getadmiral-domains.txt[39m
2025-06-27 09:36:08 [32minfo[39m: [32m✓ Successfully processed: GetAdmiral Domains (1776 rules)[39m
2025-06-27 09:36:08 [32minfo[39m: [32mProcessing source: AdGuard DNS Filter[39m
2025-06-27 09:36:08 [32minfo[39m: [32mDownloading from: https://adguardteam.github.io/HostlistsRegistry/assets/filter_1.txt[39m
2025-06-27 09:36:08 [31merror[39m: [31m✗ Error processing AdGuard DNS Filter: Maximum call stack size exceeded[39m
2025-06-27 09:36:08 [32minfo[39m: [32mProcessing source: AdAway Default Blocklist[39m
2025-06-27 09:36:08 [32minfo[39m: [32mDownloading from: https://adguardteam.github.io/HostlistsRegistry/assets/filter_5.txt[39m
2025-06-27 09:36:08 [32minfo[39m: [32m✓ Successfully processed: AdAway Default Blocklist (43399 rules)[39m
2025-06-27 09:36:08 [32minfo[39m: [32mProcessing source: Game Console Adblock List[39m
2025-06-27 09:36:08 [32minfo[39m: [32mDownloading from: https://adguardteam.github.io/HostlistsRegistry/assets/filter_45.txt[39m
2025-06-27 09:36:08 [32minfo[39m: [32m✓ Successfully processed: Game Console Adblock List (494 rules)[39m
2025-06-27 09:36:08 [32minfo[39m: [32mProcessing source: Anti-Facebook List[39m
2025-06-27 09:36:08 [32minfo[39m: [32mDownloading from: https://adguardteam.github.io/HostlistsRegistry/assets/filter_59.txt[39m
2025-06-27 09:36:08 [32minfo[39m: [32m✓ Successfully processed: Anti-Facebook List (1362 rules)[39m
2025-06-27 09:36:08 [32minfo[39m: [32mProcessing source: uBlock Origin Filters[39m
2025-06-27 09:36:08 [32minfo[39m: [32mDownloading from: https://raw.githubusercontent.com/uBlockOrigin/uAssets/refs/heads/master/filters/filters.txt[39m
2025-06-27 09:36:08 [32minfo[39m: [32m✓ Successfully processed: uBlock Origin Filters (6726 rules)[39m
2025-06-27 09:36:08 [31merror[39m: [31mENOENT: no such file or directory, open '/Users/hipskind/Coding/Blockingmachine/packages/database/sources/filters/output/imported-rules.txt'[39m
2025-06-27 09:36:51 [32minfo[39m: [32mStarting export process...[39m
2025-06-27 09:36:51 [33mwarn[39m: [33mCould not read rules from /Users/hipskind/Coding/Blockingmachine/packages/database/sources/filters/output/imported-rules.txt, creating empty filter lists[39m
2025-06-27 09:36:51 [32minfo[39m: [32mExporting to: ./filters/output[39m
2025-06-27 09:36:51 [32minfo[39m: [32m✓ Generated adguard format: filter-list.txt[39m
2025-06-27 09:36:51 [32minfo[39m: [32mExport completed successfully[39m
2025-06-27 09:37:04 [32minfo[39m: [32mStarting import process...[39m
2025-06-27 09:37:04 [32minfo[39m: [32mProcessing source: EasyList[39m
2025-06-27 09:37:04 [32minfo[39m: [32mDownloading from: https://easylist.to/easylist/easylist.txt[39m
2025-06-27 09:37:04 [32minfo[39m: [32m✓ Successfully processed: EasyList (51274 rules)[39m
2025-06-27 09:37:04 [32minfo[39m: [32mProcessing source: EasyPrivacy[39m
2025-06-27 09:37:04 [32minfo[39m: [32mDownloading from: https://easylist.to/easylist/easyprivacy.txt[39m
2025-06-27 09:37:04 [32minfo[39m: [32m✓ Successfully processed: EasyPrivacy (53872 rules)[39m
2025-06-27 09:37:04 [32minfo[39m: [32mProcessing source: AdGuard Base[39m
2025-06-27 09:37:04 [32minfo[39m: [32mDownloading from: https://filters.adtidy.org/extension/ublock/filters/2.txt[39m
2025-06-27 09:37:04 [32minfo[39m: [32m✓ Successfully processed: AdGuard Base (97400 rules)[39m
2025-06-27 09:37:04 [32minfo[39m: [32mProcessing source: AdGuard Mobile[39m
2025-06-27 09:37:04 [32minfo[39m: [32mDownloading from: https://raw.githubusercontent.com/AdguardTeam/AdguardFilters/master/MobileFilter/sections/adservers.txt[39m
2025-06-27 09:37:04 [32minfo[39m: [32m✓ Successfully processed: AdGuard Mobile (912 rules)[39m
2025-06-27 09:37:04 [32minfo[39m: [32mProcessing source: AWAvenue Ads[39m
2025-06-27 09:37:04 [32minfo[39m: [32mDownloading from: https://raw.githubusercontent.com/TG-Twilight/AWAvenue-Ads-Rule/main/AWAvenue-Ads-Rule.txt[39m
2025-06-27 09:37:04 [32minfo[39m: [32m✓ Successfully processed: AWAvenue Ads (848 rules)[39m
2025-06-27 09:37:04 [32minfo[39m: [32mProcessing source: Fanboy Annoyance[39m
2025-06-27 09:37:04 [32minfo[39m: [32mDownloading from: https://secure.fanboy.co.nz/fanboy-annoyance.txt[39m
2025-06-27 09:37:04 [32minfo[39m: [32m✓ Successfully processed: Fanboy Annoyance (23880 rules)[39m
2025-06-27 09:37:04 [32minfo[39m: [32mProcessing source: GetAdmiral Domains[39m
2025-06-27 09:37:04 [32minfo[39m: [32mDownloading from: https://raw.githubusercontent.com/LanikSJ/ubo-filters/main/filters/getadmiral-domains.txt[39m
2025-06-27 09:37:05 [32minfo[39m: [32m✓ Successfully processed: GetAdmiral Domains (1776 rules)[39m
2025-06-27 09:37:05 [32minfo[39m: [32mProcessing source: AdGuard DNS Filter[39m
2025-06-27 09:37:05 [32minfo[39m: [32mDownloading from: https://adguardteam.github.io/HostlistsRegistry/assets/filter_1.txt[39m
2025-06-27 09:37:05 [31merror[39m: [31m✗ Error processing AdGuard DNS Filter: Maximum call stack size exceeded[39m
2025-06-27 09:37:05 [32minfo[39m: [32mProcessing source: AdAway Default Blocklist[39m
2025-06-27 09:37:05 [32minfo[39m: [32mDownloading from: https://adguardteam.github.io/HostlistsRegistry/assets/filter_5.txt[39m
2025-06-27 09:37:05 [32minfo[39m: [32m✓ Successfully processed: AdAway Default Blocklist (43399 rules)[39m
2025-06-27 09:37:05 [32minfo[39m: [32mProcessing source: Game Console Adblock List[39m
2025-06-27 09:37:05 [32minfo[39m: [32mDownloading from: https://adguardteam.github.io/HostlistsRegistry/assets/filter_45.txt[39m
2025-06-27 09:37:05 [32minfo[39m: [32m✓ Successfully processed: Game Console Adblock List (494 rules)[39m
2025-06-27 09:37:05 [32minfo[39m: [32mProcessing source: Anti-Facebook List[39m
2025-06-27 09:37:05 [32minfo[39m: [32mDownloading from: https://adguardteam.github.io/HostlistsRegistry/assets/filter_59.txt[39m
2025-06-27 09:37:05 [32minfo[39m: [32m✓ Successfully processed: Anti-Facebook List (1362 rules)[39m
2025-06-27 09:37:05 [32minfo[39m: [32mProcessing source: uBlock Origin Filters[39m
2025-06-27 09:37:05 [32minfo[39m: [32mDownloading from: https://raw.githubusercontent.com/uBlockOrigin/uAssets/refs/heads/master/filters/filters.txt[39m
2025-06-27 09:37:05 [32minfo[39m: [32m✓ Successfully processed: uBlock Origin Filters (6726 rules)[39m
2025-06-27 09:37:05 [32minfo[39m: [32mSaved 281943 rules to: /Users/hipskind/Coding/Blockingmachine/packages/database/sources/filters/output/imported-rules.txt[39m
2025-06-27 09:37:05 [32minfo[39m: [32mImport completed: 11/12 sources processed successfully[39m
2025-06-27 09:37:15 [32minfo[39m: [32mStarting export process...[39m
2025-06-27 09:37:15 [32minfo[39m: [32mLoaded 281943 rules from: /Users/hipskind/Coding/Blockingmachine/packages/database/sources/filters/output/imported-rules.txt[39m
2025-06-27 09:37:15 [32minfo[39m: [32mExporting to: ./filters/output[39m
2025-06-27 09:37:15 [32minfo[39m: [32m✓ Generated adguard format: filter-list.txt[39m
2025-06-27 09:37:15 [32minfo[39m: [32mExport completed successfully[39m
2025-06-27 09:40:00 [32minfo[39m: [32mStarting import process...[39m
2025-06-27 09:40:00 [32minfo[39m: [32mProcessing source: EasyList[39m
2025-06-27 09:40:00 [32minfo[39m: [32mDownloading from: https://easylist.to/easylist/easylist.txt[39m
2025-06-27 09:40:01 [32minfo[39m: [32m✓ Successfully processed: EasyList (51274 rules)[39m
2025-06-27 09:40:01 [32minfo[39m: [32mProcessing source: EasyPrivacy[39m
2025-06-27 09:40:01 [32minfo[39m: [32mDownloading from: https://easylist.to/easylist/easyprivacy.txt[39m
2025-06-27 09:40:01 [32minfo[39m: [32m✓ Successfully processed: EasyPrivacy (53872 rules)[39m
2025-06-27 09:40:01 [32minfo[39m: [32mProcessing source: AdGuard Base[39m
2025-06-27 09:40:01 [32minfo[39m: [32mDownloading from: https://filters.adtidy.org/extension/ublock/filters/2.txt[39m
2025-06-27 09:40:01 [32minfo[39m: [32m✓ Successfully processed: AdGuard Base (97400 rules)[39m
2025-06-27 09:40:01 [32minfo[39m: [32mProcessing source: AdGuard Mobile[39m
2025-06-27 09:40:01 [32minfo[39m: [32mDownloading from: https://raw.githubusercontent.com/AdguardTeam/AdguardFilters/master/MobileFilter/sections/adservers.txt[39m
2025-06-27 09:40:01 [32minfo[39m: [32m✓ Successfully processed: AdGuard Mobile (912 rules)[39m
2025-06-27 09:40:01 [32minfo[39m: [32mProcessing source: AWAvenue Ads[39m
2025-06-27 09:40:01 [32minfo[39m: [32mDownloading from: https://raw.githubusercontent.com/TG-Twilight/AWAvenue-Ads-Rule/main/AWAvenue-Ads-Rule.txt[39m
2025-06-27 09:40:01 [32minfo[39m: [32m✓ Successfully processed: AWAvenue Ads (848 rules)[39m
2025-06-27 09:40:01 [32minfo[39m: [32mProcessing source: Fanboy Annoyance[39m
2025-06-27 09:40:01 [32minfo[39m: [32mDownloading from: https://secure.fanboy.co.nz/fanboy-annoyance.txt[39m
2025-06-27 09:40:01 [32minfo[39m: [32m✓ Successfully processed: Fanboy Annoyance (23880 rules)[39m
2025-06-27 09:40:01 [32minfo[39m: [32mProcessing source: GetAdmiral Domains[39m
2025-06-27 09:40:01 [32minfo[39m: [32mDownloading from: https://raw.githubusercontent.com/LanikSJ/ubo-filters/main/filters/getadmiral-domains.txt[39m
2025-06-27 09:40:01 [32minfo[39m: [32m✓ Successfully processed: GetAdmiral Domains (1776 rules)[39m
2025-06-27 09:40:01 [32minfo[39m: [32mProcessing source: AdGuard DNS Filter[39m
2025-06-27 09:40:01 [32minfo[39m: [32mDownloading from: https://adguardteam.github.io/HostlistsRegistry/assets/filter_1.txt[39m
2025-06-27 09:40:01 [31merror[39m: [31m✗ Error processing AdGuard DNS Filter: Maximum call stack size exceeded[39m
2025-06-27 09:40:01 [32minfo[39m: [32mProcessing source: AdAway Default Blocklist[39m
2025-06-27 09:40:01 [32minfo[39m: [32mDownloading from: https://adguardteam.github.io/HostlistsRegistry/assets/filter_5.txt[39m
2025-06-27 09:40:01 [32minfo[39m: [32m✓ Successfully processed: AdAway Default Blocklist (43399 rules)[39m
2025-06-27 09:40:01 [32minfo[39m: [32mProcessing source: Game Console Adblock List[39m
2025-06-27 09:40:01 [32minfo[39m: [32mDownloading from: https://adguardteam.github.io/HostlistsRegistry/assets/filter_45.txt[39m
2025-06-27 09:40:01 [32minfo[39m: [32m✓ Successfully processed: Game Console Adblock List (494 rules)[39m
2025-06-27 09:40:01 [32minfo[39m: [32mProcessing source: Anti-Facebook List[39m
2025-06-27 09:40:01 [32minfo[39m: [32mDownloading from: https://adguardteam.github.io/HostlistsRegistry/assets/filter_59.txt[39m
2025-06-27 09:40:01 [32minfo[39m: [32m✓ Successfully processed: Anti-Facebook List (1362 rules)[39m
2025-06-27 09:40:01 [32minfo[39m: [32mProcessing source: uBlock Origin Filters[39m
2025-06-27 09:40:01 [32minfo[39m: [32mDownloading from: https://raw.githubusercontent.com/uBlockOrigin/uAssets/refs/heads/master/filters/filters.txt[39m
2025-06-27 09:40:01 [32minfo[39m: [32m✓ Successfully processed: uBlock Origin Filters (6726 rules)[39m
2025-06-27 09:40:01 [32minfo[39m: [32mSaved 281943 rules to: /Users/hipskind/Coding/Blockingmachine/packages/database/sources/filters/output/imported-rules.txt[39m
2025-06-27 09:40:01 [32minfo[39m: [32mImport completed: 11/12 sources processed successfully[39m
2025-06-27 09:40:01 [32minfo[39m: [32mStarting export process...[39m
2025-06-27 09:40:01 [32minfo[39m: [32mLoaded 281943 rules from: /Users/hipskind/Coding/Blockingmachine/packages/database/sources/filters/output/imported-rules.txt[39m
2025-06-27 09:40:01 [32minfo[39m: [32mExporting to: ./filters/output[39m
2025-06-27 09:40:01 [32minfo[39m: [32m✓ Generated adguard format: filter-list.txt[39m
2025-06-27 09:40:01 [32minfo[39m: [32mExport completed successfully[39m
2025-06-27 09:45:00 [32minfo[39m: [32mStarting import process...[39m
2025-06-27 09:45:00 [32minfo[39m: [32mProcessing source: EasyList[39m
2025-06-27 09:45:00 [32minfo[39m: [32mDownloading from: https://easylist.to/easylist/easylist.txt[39m
2025-06-27 09:45:00 [32minfo[39m: [32m✓ Successfully processed: EasyList (51274 rules)[39m
2025-06-27 09:45:00 [32minfo[39m: [32mProcessing source: EasyPrivacy[39m
2025-06-27 09:45:00 [32minfo[39m: [32mDownloading from: https://easylist.to/easylist/easyprivacy.txt[39m
2025-06-27 09:45:00 [32minfo[39m: [32m✓ Successfully processed: EasyPrivacy (53872 rules)[39m
2025-06-27 09:45:00 [32minfo[39m: [32mProcessing source: AdGuard Base[39m
2025-06-27 09:45:00 [32minfo[39m: [32mDownloading from: https://filters.adtidy.org/extension/ublock/filters/2.txt[39m
2025-06-27 09:45:00 [32minfo[39m: [32m✓ Successfully processed: AdGuard Base (97400 rules)[39m
2025-06-27 09:45:00 [32minfo[39m: [32mProcessing source: AdGuard Mobile[39m
2025-06-27 09:45:00 [32minfo[39m: [32mDownloading from: https://raw.githubusercontent.com/AdguardTeam/AdguardFilters/master/MobileFilter/sections/adservers.txt[39m
2025-06-27 09:45:01 [32minfo[39m: [32m✓ Successfully processed: AdGuard Mobile (912 rules)[39m
2025-06-27 09:45:01 [32minfo[39m: [32mProcessing source: AWAvenue Ads[39m
2025-06-27 09:45:01 [32minfo[39m: [32mDownloading from: https://raw.githubusercontent.com/TG-Twilight/AWAvenue-Ads-Rule/main/AWAvenue-Ads-Rule.txt[39m
2025-06-27 09:45:01 [32minfo[39m: [32m✓ Successfully processed: AWAvenue Ads (848 rules)[39m
2025-06-27 09:45:01 [32minfo[39m: [32mProcessing source: Fanboy Annoyance[39m
2025-06-27 09:45:01 [32minfo[39m: [32mDownloading from: https://secure.fanboy.co.nz/fanboy-annoyance.txt[39m
2025-06-27 09:45:01 [32minfo[39m: [32m✓ Successfully processed: Fanboy Annoyance (23880 rules)[39m
2025-06-27 09:45:01 [32minfo[39m: [32mProcessing source: GetAdmiral Domains[39m
2025-06-27 09:45:01 [32minfo[39m: [32mDownloading from: https://raw.githubusercontent.com/LanikSJ/ubo-filters/main/filters/getadmiral-domains.txt[39m
2025-06-27 09:45:01 [32minfo[39m: [32m✓ Successfully processed: GetAdmiral Domains (1776 rules)[39m
2025-06-27 09:45:01 [32minfo[39m: [32mProcessing source: AdGuard DNS Filter[39m
2025-06-27 09:45:01 [32minfo[39m: [32mDownloading from: https://adguardteam.github.io/HostlistsRegistry/assets/filter_1.txt[39m
2025-06-27 09:45:01 [31merror[39m: [31m✗ Error processing AdGuard DNS Filter: Maximum call stack size exceeded[39m
2025-06-27 09:45:01 [32minfo[39m: [32mProcessing source: AdAway Default Blocklist[39m
2025-06-27 09:45:01 [32minfo[39m: [32mDownloading from: https://adguardteam.github.io/HostlistsRegistry/assets/filter_5.txt[39m
2025-06-27 09:45:01 [32minfo[39m: [32m✓ Successfully processed: AdAway Default Blocklist (43399 rules)[39m
2025-06-27 09:45:01 [32minfo[39m: [32mProcessing source: Game Console Adblock List[39m
2025-06-27 09:45:01 [32minfo[39m: [32mDownloading from: https://adguardteam.github.io/HostlistsRegistry/assets/filter_45.txt[39m
2025-06-27 09:45:01 [32minfo[39m: [32m✓ Successfully processed: Game Console Adblock List (494 rules)[39m
2025-06-27 09:45:01 [32minfo[39m: [32mProcessing source: Anti-Facebook List[39m
2025-06-27 09:45:01 [32minfo[39m: [32mDownloading from: https://adguardteam.github.io/HostlistsRegistry/assets/filter_59.txt[39m
2025-06-27 09:45:01 [32minfo[39m: [32m✓ Successfully processed: Anti-Facebook List (1362 rules)[39m
2025-06-27 09:45:01 [32minfo[39m: [32mProcessing source: uBlock Origin Filters[39m
2025-06-27 09:45:01 [32minfo[39m: [32mDownloading from: https://raw.githubusercontent.com/uBlockOrigin/uAssets/refs/heads/master/filters/filters.txt[39m
2025-06-27 09:45:01 [32minfo[39m: [32m✓ Successfully processed: uBlock Origin Filters (6726 rules)[39m
2025-06-27 09:45:01 [32minfo[39m: [32mSaved 281943 rules to: /Users/hipskind/Coding/Blockingmachine/packages/database/sources/filters/output/imported-rules.txt[39m
2025-06-27 09:45:01 [32minfo[39m: [32mImport completed: 11/12 sources processed successfully[39m
2025-06-27 09:45:01 [32minfo[39m: [32mStarting export process...[39m
2025-06-27 09:45:01 [32minfo[39m: [32mLoaded 281943 rules from: /Users/hipskind/Coding/Blockingmachine/packages/database/sources/filters/output/imported-rules.txt[39m
2025-06-27 09:45:01 [32minfo[39m: [32mExporting to: ./filters/output[39m
2025-06-27 09:45:01 [32minfo[39m: [32m✓ Generated adguard format: filter-list.txt[39m
2025-06-27 09:45:01 [32minfo[39m: [32mExport completed successfully[39m
